<?xml version="1.0" encoding="UTF-8"?>
<testng-results skipped="0" failed="0" ignored="0" total="1" passed="1">
  <reporter-output>
  </reporter-output>
  <suite name="Default suite" duration-ms="664" started-at="2020-04-10T17:19:30 IST" finished-at="2020-04-10T17:19:30 IST">
    <groups>
    </groups>
    <test name="Default test" duration-ms="664" started-at="2020-04-10T17:19:30 IST" finished-at="2020-04-10T17:19:30 IST">
      <class name="selenium_learning.Class_24">
        <test-method status="PASS" signature="databaseConnection()[pri:0, instance:selenium_learning.Class_24@627551fb]" name="databaseConnection" duration-ms="604" started-at="2020-04-10T17:19:30 IST" finished-at="2020-04-10T17:19:30 IST">
          <reporter-output>
          </reporter-output>
        </test-method> <!-- databaseConnection -->
      </class> <!-- selenium_learning.Class_24 -->
    </test> <!-- Default test -->
  </suite> <!-- Default suite -->
</testng-results>
